[2022-09-26 10:57:07,536] multiqc                                            [DEBUG  ]  This is MultiQC v1.12
[2022-09-26 10:57:07,537] multiqc                                            [DEBUG  ]  No MultiQC config found: /pub60/matt/programs_chos_10/anaconda3/envs/multiqc/lib/python3.10/site-packages/multiqc_config.yaml
[2022-09-26 10:57:07,537] multiqc                                            [DEBUG  ]  No MultiQC config found: /pub60/matt/.multiqc_config.yaml
[2022-09-26 10:57:07,538] multiqc                                            [DEBUG  ]  No MultiQC config found: multiqc_config.yaml
[2022-09-26 10:57:07,538] multiqc                                            [DEBUG  ]  Command used: /pub37/matt/programs_chos_10/anaconda3/envs/multiqc/bin/multiqc -o multiqc/ fastqc/SRR12210269_fastqc.html fastqc/SRR12210269_fastqc.zip fastqc/SRR12210270_fastqc.html fastqc/SRR12210270_fastqc.zip fastqc/SRR12210271_fastqc.html fastqc/SRR12210271_fastqc.zip fastqc/SRR12210272_fastqc.html fastqc/SRR12210272_fastqc.zip fastqc/SRR12210273_fastqc.html fastqc/SRR12210273_fastqc.zip fastqc/SRR12210274_fastqc.html fastqc/SRR12210274_fastqc.zip fastqc/SRR12210275_fastqc.html fastqc/SRR12210275_fastqc.zip fastqc/SRR12210276_fastqc.html fastqc/SRR12210276_fastqc.zip fastqc/SRR12210277_fastqc.html fastqc/SRR12210277_fastqc.zip fastqc/SRR12210278_fastqc.html fastqc/SRR12210278_fastqc.zip fastqc/SRR12210279_fastqc.html fastqc/SRR12210279_fastqc.zip fastqc/SRR12210280_fastqc.html fastqc/SRR12210280_fastqc.zip fastqc/SRR12210281_fastqc.html fastqc/SRR12210281_fastqc.zip fastqc/SRR12210282_fastqc.html fastqc/SRR12210282_fastqc.zip fastqc/SRR12210283_fastqc.html fastqc/SRR12210283_fastqc.zip fastqc/SRR12210284_fastqc.html fastqc/SRR12210284_fastqc.zip fastqc/SRR12210285_fastqc.html fastqc/SRR12210285_fastqc.zip fastqc/SRR12210286_fastqc.html fastqc/SRR12210286_fastqc.zip fastqc/SRR12210287_fastqc.html fastqc/SRR12210287_fastqc.zip fastqc/SRR12210288_fastqc.html fastqc/SRR12210288_fastqc.zip fastqc/SRR12210289_fastqc.html fastqc/SRR12210289_fastqc.zip fastqc/SRR12210290_fastqc.html fastqc/SRR12210290_fastqc.zip fastqc/SRR12210291_fastqc.html fastqc/SRR12210291_fastqc.zip fastqc/SRR12210292_fastqc.html fastqc/SRR12210292_fastqc.zip fastqc/SRR12210293_fastqc.html fastqc/SRR12210293_fastqc.zip fastqc/SRR12210294_fastqc.html fastqc/SRR12210294_fastqc.zip fastqc/SRR12210295_fastqc.html fastqc/SRR12210295_fastqc.zip fastqc/SRR12210296_fastqc.html fastqc/SRR12210296_fastqc.zip fastqc/SRR12210297_fastqc.html fastqc/SRR12210297_fastqc.zip fastqc/SRR12210298_fastqc.html fastqc/SRR12210298_fastqc.zip fastqc/SRR12210299_fastqc.html fastqc/SRR12210299_fastqc.zip fastqc/SRR12210300_fastqc.html fastqc/SRR12210300_fastqc.zip fastqc/SRR12210301_fastqc.html fastqc/SRR12210301_fastqc.zip fastqc/SRR12210302_fastqc.html fastqc/SRR12210302_fastqc.zip fastqc/SRR12210303_fastqc.html fastqc/SRR12210303_fastqc.zip fastqc/SRR12210304_fastqc.html fastqc/SRR12210304_fastqc.zip
[2022-09-26 10:57:07,720] multiqc                                            [WARNING]  MultiQC Version v1.13 now available!
[2022-09-26 10:57:07,720] multiqc                                            [DEBUG  ]  Command     : /pub37/matt/programs_chos_10/anaconda3/envs/multiqc/bin/multiqc -o multiqc/ fastqc/SRR12210269_fastqc.html fastqc/SRR12210269_fastqc.zip fastqc/SRR12210270_fastqc.html fastqc/SRR12210270_fastqc.zip fastqc/SRR12210271_fastqc.html fastqc/SRR12210271_fastqc.zip fastqc/SRR12210272_fastqc.html fastqc/SRR12210272_fastqc.zip fastqc/SRR12210273_fastqc.html fastqc/SRR12210273_fastqc.zip fastqc/SRR12210274_fastqc.html fastqc/SRR12210274_fastqc.zip fastqc/SRR12210275_fastqc.html fastqc/SRR12210275_fastqc.zip fastqc/SRR12210276_fastqc.html fastqc/SRR12210276_fastqc.zip fastqc/SRR12210277_fastqc.html fastqc/SRR12210277_fastqc.zip fastqc/SRR12210278_fastqc.html fastqc/SRR12210278_fastqc.zip fastqc/SRR12210279_fastqc.html fastqc/SRR12210279_fastqc.zip fastqc/SRR12210280_fastqc.html fastqc/SRR12210280_fastqc.zip fastqc/SRR12210281_fastqc.html fastqc/SRR12210281_fastqc.zip fastqc/SRR12210282_fastqc.html fastqc/SRR12210282_fastqc.zip fastqc/SRR12210283_fastqc.html fastqc/SRR12210283_fastqc.zip fastqc/SRR12210284_fastqc.html fastqc/SRR12210284_fastqc.zip fastqc/SRR12210285_fastqc.html fastqc/SRR12210285_fastqc.zip fastqc/SRR12210286_fastqc.html fastqc/SRR12210286_fastqc.zip fastqc/SRR12210287_fastqc.html fastqc/SRR12210287_fastqc.zip fastqc/SRR12210288_fastqc.html fastqc/SRR12210288_fastqc.zip fastqc/SRR12210289_fastqc.html fastqc/SRR12210289_fastqc.zip fastqc/SRR12210290_fastqc.html fastqc/SRR12210290_fastqc.zip fastqc/SRR12210291_fastqc.html fastqc/SRR12210291_fastqc.zip fastqc/SRR12210292_fastqc.html fastqc/SRR12210292_fastqc.zip fastqc/SRR12210293_fastqc.html fastqc/SRR12210293_fastqc.zip fastqc/SRR12210294_fastqc.html fastqc/SRR12210294_fastqc.zip fastqc/SRR12210295_fastqc.html fastqc/SRR12210295_fastqc.zip fastqc/SRR12210296_fastqc.html fastqc/SRR12210296_fastqc.zip fastqc/SRR12210297_fastqc.html fastqc/SRR12210297_fastqc.zip fastqc/SRR12210298_fastqc.html fastqc/SRR12210298_fastqc.zip fastqc/SRR12210299_fastqc.html fastqc/SRR12210299_fastqc.zip fastqc/SRR12210300_fastqc.html fastqc/SRR12210300_fastqc.zip fastqc/SRR12210301_fastqc.html fastqc/SRR12210301_fastqc.zip fastqc/SRR12210302_fastqc.html fastqc/SRR12210302_fastqc.zip fastqc/SRR12210303_fastqc.html fastqc/SRR12210303_fastqc.zip fastqc/SRR12210304_fastqc.html fastqc/SRR12210304_fastqc.zip
[2022-09-26 10:57:07,721] multiqc                                            [DEBUG  ]  Working dir : /pub60/matt/NEOF/R_community/datasets/media
[2022-09-26 10:57:07,721] multiqc                                            [DEBUG  ]  Template    : default
[2022-09-26 10:57:07,721] multiqc                                            [DEBUG  ]  Running Python 3.10.4 | packaged by conda-forge | (main, Mar 24 2022, 17:39:04) [GCC 10.3.0]
[2022-09-26 10:57:07,721] multiqc                                            [DEBUG  ]  Analysing modules: custom_content, ccs, ngsderive, purple, conpair, lima, peddy, somalier, methylQA, mosdepth, phantompeakqualtools, qualimap, preseq, quast, qorts, rna_seqc, rockhopper, rsem, rseqc, busco, bustools, goleft_indexcov, gffcompare, disambiguate, supernova, deeptools, sargasso, verifybamid, mirtrace, happy, mirtop, sambamba, homer, hops, macs2, theta2, snpeff, gatk, htseq, bcftools, featureCounts, fgbio, dragen, dedup, pbmarkdup, damageprofiler, biobambam2, jcvi, mtnucratio, picard, vep, sentieon, prokka, qc3C, nanostat, samblaster, samtools, sexdeterrmine, eigenstratdatabasetools, bamtools, jellyfish, vcftools, longranger, stacks, varscan2, snippy, bbmap, bismark, biscuit, hicexplorer, hicup, hicpro, salmon, kallisto, slamdunk, star, hisat2, tophat, bowtie2, bowtie1, snpsplit, odgi, pangolin, kat, leehom, adapterRemoval, clipandmerge, cutadapt, flexbar, kaiju, kraken, malt, trimmomatic, sickle, skewer, sortmerna, biobloomtools, fastq_screen, afterqc, fastp, fastqc, pychopper, pycoqc, minionqc, multivcfanalyzer, clusterflow, checkqc, bcl2fastq, bclconvert, interop, ivar, flash, seqyclean, optitype, whatshap
[2022-09-26 10:57:07,722] multiqc                                            [DEBUG  ]  Using temporary directory for creating report: /tmp/tmpscocojjq
[2022-09-26 10:57:08,054] multiqc                                            [INFO   ]  Search path : /pub60/matt/NEOF/R_community/datasets/media/fastqc/SRR12210269_fastqc.html
[2022-09-26 10:57:08,054] multiqc                                            [INFO   ]  Search path : /pub60/matt/NEOF/R_community/datasets/media/fastqc/SRR12210269_fastqc.zip
[2022-09-26 10:57:08,054] multiqc                                            [INFO   ]  Search path : /pub60/matt/NEOF/R_community/datasets/media/fastqc/SRR12210270_fastqc.html
[2022-09-26 10:57:08,055] multiqc                                            [INFO   ]  Search path : /pub60/matt/NEOF/R_community/datasets/media/fastqc/SRR12210270_fastqc.zip
[2022-09-26 10:57:08,055] multiqc                                            [INFO   ]  Search path : /pub60/matt/NEOF/R_community/datasets/media/fastqc/SRR12210271_fastqc.html
[2022-09-26 10:57:08,055] multiqc                                            [INFO   ]  Search path : /pub60/matt/NEOF/R_community/datasets/media/fastqc/SRR12210271_fastqc.zip
[2022-09-26 10:57:08,055] multiqc                                            [INFO   ]  Search path : /pub60/matt/NEOF/R_community/datasets/media/fastqc/SRR12210272_fastqc.html
[2022-09-26 10:57:08,055] multiqc                                            [INFO   ]  Search path : /pub60/matt/NEOF/R_community/datasets/media/fastqc/SRR12210272_fastqc.zip
[2022-09-26 10:57:08,055] multiqc                                            [INFO   ]  Search path : /pub60/matt/NEOF/R_community/datasets/media/fastqc/SRR12210273_fastqc.html
[2022-09-26 10:57:08,055] multiqc                                            [INFO   ]  Search path : /pub60/matt/NEOF/R_community/datasets/media/fastqc/SRR12210273_fastqc.zip
[2022-09-26 10:57:08,055] multiqc                                            [INFO   ]  Search path : /pub60/matt/NEOF/R_community/datasets/media/fastqc/SRR12210274_fastqc.html
[2022-09-26 10:57:08,055] multiqc                                            [INFO   ]  Search path : /pub60/matt/NEOF/R_community/datasets/media/fastqc/SRR12210274_fastqc.zip
[2022-09-26 10:57:08,055] multiqc                                            [INFO   ]  Search path : /pub60/matt/NEOF/R_community/datasets/media/fastqc/SRR12210275_fastqc.html
[2022-09-26 10:57:08,055] multiqc                                            [INFO   ]  Search path : /pub60/matt/NEOF/R_community/datasets/media/fastqc/SRR12210275_fastqc.zip
[2022-09-26 10:57:08,055] multiqc                                            [INFO   ]  Search path : /pub60/matt/NEOF/R_community/datasets/media/fastqc/SRR12210276_fastqc.html
[2022-09-26 10:57:08,056] multiqc                                            [INFO   ]  Search path : /pub60/matt/NEOF/R_community/datasets/media/fastqc/SRR12210276_fastqc.zip
[2022-09-26 10:57:08,056] multiqc                                            [INFO   ]  Search path : /pub60/matt/NEOF/R_community/datasets/media/fastqc/SRR12210277_fastqc.html
[2022-09-26 10:57:08,056] multiqc                                            [INFO   ]  Search path : /pub60/matt/NEOF/R_community/datasets/media/fastqc/SRR12210277_fastqc.zip
[2022-09-26 10:57:08,056] multiqc                                            [INFO   ]  Search path : /pub60/matt/NEOF/R_community/datasets/media/fastqc/SRR12210278_fastqc.html
[2022-09-26 10:57:08,056] multiqc                                            [INFO   ]  Search path : /pub60/matt/NEOF/R_community/datasets/media/fastqc/SRR12210278_fastqc.zip
[2022-09-26 10:57:08,056] multiqc                                            [INFO   ]  Search path : /pub60/matt/NEOF/R_community/datasets/media/fastqc/SRR12210279_fastqc.html
[2022-09-26 10:57:08,056] multiqc                                            [INFO   ]  Search path : /pub60/matt/NEOF/R_community/datasets/media/fastqc/SRR12210279_fastqc.zip
[2022-09-26 10:57:08,056] multiqc                                            [INFO   ]  Search path : /pub60/matt/NEOF/R_community/datasets/media/fastqc/SRR12210280_fastqc.html
[2022-09-26 10:57:08,056] multiqc                                            [INFO   ]  Search path : /pub60/matt/NEOF/R_community/datasets/media/fastqc/SRR12210280_fastqc.zip
[2022-09-26 10:57:08,056] multiqc                                            [INFO   ]  Search path : /pub60/matt/NEOF/R_community/datasets/media/fastqc/SRR12210281_fastqc.html
[2022-09-26 10:57:08,056] multiqc                                            [INFO   ]  Search path : /pub60/matt/NEOF/R_community/datasets/media/fastqc/SRR12210281_fastqc.zip
[2022-09-26 10:57:08,056] multiqc                                            [INFO   ]  Search path : /pub60/matt/NEOF/R_community/datasets/media/fastqc/SRR12210282_fastqc.html
[2022-09-26 10:57:08,057] multiqc                                            [INFO   ]  Search path : /pub60/matt/NEOF/R_community/datasets/media/fastqc/SRR12210282_fastqc.zip
[2022-09-26 10:57:08,057] multiqc                                            [INFO   ]  Search path : /pub60/matt/NEOF/R_community/datasets/media/fastqc/SRR12210283_fastqc.html
[2022-09-26 10:57:08,057] multiqc                                            [INFO   ]  Search path : /pub60/matt/NEOF/R_community/datasets/media/fastqc/SRR12210283_fastqc.zip
[2022-09-26 10:57:08,057] multiqc                                            [INFO   ]  Search path : /pub60/matt/NEOF/R_community/datasets/media/fastqc/SRR12210284_fastqc.html
[2022-09-26 10:57:08,057] multiqc                                            [INFO   ]  Search path : /pub60/matt/NEOF/R_community/datasets/media/fastqc/SRR12210284_fastqc.zip
[2022-09-26 10:57:08,057] multiqc                                            [INFO   ]  Search path : /pub60/matt/NEOF/R_community/datasets/media/fastqc/SRR12210285_fastqc.html
[2022-09-26 10:57:08,057] multiqc                                            [INFO   ]  Search path : /pub60/matt/NEOF/R_community/datasets/media/fastqc/SRR12210285_fastqc.zip
[2022-09-26 10:57:08,057] multiqc                                            [INFO   ]  Search path : /pub60/matt/NEOF/R_community/datasets/media/fastqc/SRR12210286_fastqc.html
[2022-09-26 10:57:08,057] multiqc                                            [INFO   ]  Search path : /pub60/matt/NEOF/R_community/datasets/media/fastqc/SRR12210286_fastqc.zip
[2022-09-26 10:57:08,057] multiqc                                            [INFO   ]  Search path : /pub60/matt/NEOF/R_community/datasets/media/fastqc/SRR12210287_fastqc.html
[2022-09-26 10:57:08,057] multiqc                                            [INFO   ]  Search path : /pub60/matt/NEOF/R_community/datasets/media/fastqc/SRR12210287_fastqc.zip
[2022-09-26 10:57:08,057] multiqc                                            [INFO   ]  Search path : /pub60/matt/NEOF/R_community/datasets/media/fastqc/SRR12210288_fastqc.html
[2022-09-26 10:57:08,058] multiqc                                            [INFO   ]  Search path : /pub60/matt/NEOF/R_community/datasets/media/fastqc/SRR12210288_fastqc.zip
[2022-09-26 10:57:08,058] multiqc                                            [INFO   ]  Search path : /pub60/matt/NEOF/R_community/datasets/media/fastqc/SRR12210289_fastqc.html
[2022-09-26 10:57:08,058] multiqc                                            [INFO   ]  Search path : /pub60/matt/NEOF/R_community/datasets/media/fastqc/SRR12210289_fastqc.zip
[2022-09-26 10:57:08,058] multiqc                                            [INFO   ]  Search path : /pub60/matt/NEOF/R_community/datasets/media/fastqc/SRR12210290_fastqc.html
[2022-09-26 10:57:08,058] multiqc                                            [INFO   ]  Search path : /pub60/matt/NEOF/R_community/datasets/media/fastqc/SRR12210290_fastqc.zip
[2022-09-26 10:57:08,058] multiqc                                            [INFO   ]  Search path : /pub60/matt/NEOF/R_community/datasets/media/fastqc/SRR12210291_fastqc.html
[2022-09-26 10:57:08,058] multiqc                                            [INFO   ]  Search path : /pub60/matt/NEOF/R_community/datasets/media/fastqc/SRR12210291_fastqc.zip
[2022-09-26 10:57:08,058] multiqc                                            [INFO   ]  Search path : /pub60/matt/NEOF/R_community/datasets/media/fastqc/SRR12210292_fastqc.html
[2022-09-26 10:57:08,058] multiqc                                            [INFO   ]  Search path : /pub60/matt/NEOF/R_community/datasets/media/fastqc/SRR12210292_fastqc.zip
[2022-09-26 10:57:08,058] multiqc                                            [INFO   ]  Search path : /pub60/matt/NEOF/R_community/datasets/media/fastqc/SRR12210293_fastqc.html
[2022-09-26 10:57:08,058] multiqc                                            [INFO   ]  Search path : /pub60/matt/NEOF/R_community/datasets/media/fastqc/SRR12210293_fastqc.zip
[2022-09-26 10:57:08,058] multiqc                                            [INFO   ]  Search path : /pub60/matt/NEOF/R_community/datasets/media/fastqc/SRR12210294_fastqc.html
[2022-09-26 10:57:08,058] multiqc                                            [INFO   ]  Search path : /pub60/matt/NEOF/R_community/datasets/media/fastqc/SRR12210294_fastqc.zip
[2022-09-26 10:57:08,058] multiqc                                            [INFO   ]  Search path : /pub60/matt/NEOF/R_community/datasets/media/fastqc/SRR12210295_fastqc.html
[2022-09-26 10:57:08,059] multiqc                                            [INFO   ]  Search path : /pub60/matt/NEOF/R_community/datasets/media/fastqc/SRR12210295_fastqc.zip
[2022-09-26 10:57:08,059] multiqc                                            [INFO   ]  Search path : /pub60/matt/NEOF/R_community/datasets/media/fastqc/SRR12210296_fastqc.html
[2022-09-26 10:57:08,059] multiqc                                            [INFO   ]  Search path : /pub60/matt/NEOF/R_community/datasets/media/fastqc/SRR12210296_fastqc.zip
[2022-09-26 10:57:08,059] multiqc                                            [INFO   ]  Search path : /pub60/matt/NEOF/R_community/datasets/media/fastqc/SRR12210297_fastqc.html
[2022-09-26 10:57:08,059] multiqc                                            [INFO   ]  Search path : /pub60/matt/NEOF/R_community/datasets/media/fastqc/SRR12210297_fastqc.zip
[2022-09-26 10:57:08,059] multiqc                                            [INFO   ]  Search path : /pub60/matt/NEOF/R_community/datasets/media/fastqc/SRR12210298_fastqc.html
[2022-09-26 10:57:08,059] multiqc                                            [INFO   ]  Search path : /pub60/matt/NEOF/R_community/datasets/media/fastqc/SRR12210298_fastqc.zip
[2022-09-26 10:57:08,059] multiqc                                            [INFO   ]  Search path : /pub60/matt/NEOF/R_community/datasets/media/fastqc/SRR12210299_fastqc.html
[2022-09-26 10:57:08,059] multiqc                                            [INFO   ]  Search path : /pub60/matt/NEOF/R_community/datasets/media/fastqc/SRR12210299_fastqc.zip
[2022-09-26 10:57:08,059] multiqc                                            [INFO   ]  Search path : /pub60/matt/NEOF/R_community/datasets/media/fastqc/SRR12210300_fastqc.html
[2022-09-26 10:57:08,059] multiqc                                            [INFO   ]  Search path : /pub60/matt/NEOF/R_community/datasets/media/fastqc/SRR12210300_fastqc.zip
[2022-09-26 10:57:08,059] multiqc                                            [INFO   ]  Search path : /pub60/matt/NEOF/R_community/datasets/media/fastqc/SRR12210301_fastqc.html
[2022-09-26 10:57:08,059] multiqc                                            [INFO   ]  Search path : /pub60/matt/NEOF/R_community/datasets/media/fastqc/SRR12210301_fastqc.zip
[2022-09-26 10:57:08,060] multiqc                                            [INFO   ]  Search path : /pub60/matt/NEOF/R_community/datasets/media/fastqc/SRR12210302_fastqc.html
[2022-09-26 10:57:08,060] multiqc                                            [INFO   ]  Search path : /pub60/matt/NEOF/R_community/datasets/media/fastqc/SRR12210302_fastqc.zip
[2022-09-26 10:57:08,060] multiqc                                            [INFO   ]  Search path : /pub60/matt/NEOF/R_community/datasets/media/fastqc/SRR12210303_fastqc.html
[2022-09-26 10:57:08,060] multiqc                                            [INFO   ]  Search path : /pub60/matt/NEOF/R_community/datasets/media/fastqc/SRR12210303_fastqc.zip
[2022-09-26 10:57:08,060] multiqc                                            [INFO   ]  Search path : /pub60/matt/NEOF/R_community/datasets/media/fastqc/SRR12210304_fastqc.html
[2022-09-26 10:57:08,060] multiqc                                            [INFO   ]  Search path : /pub60/matt/NEOF/R_community/datasets/media/fastqc/SRR12210304_fastqc.zip
[2022-09-26 10:57:08,127] multiqc                                            [DEBUG  ]  File ignored by ccs/v4 because it exceeded search pattern filesize limit: SRR12210269_fastqc.html
[2022-09-26 10:57:08,130] multiqc                                            [DEBUG  ]  File ignored by hicexplorer because it exceeded search pattern filesize limit: SRR12210269_fastqc.html
[2022-09-26 10:57:08,130] multiqc                                            [DEBUG  ]  File ignored by lima/summary because it exceeded search pattern filesize limit: SRR12210269_fastqc.html
[2022-09-26 10:57:08,135] multiqc                                            [DEBUG  ]  File ignored by vep/vep_txt because it exceeded search pattern filesize limit: SRR12210269_fastqc.html
[2022-09-26 10:57:08,135] multiqc                                            [DEBUG  ]  File ignored by longranger/invocation because it exceeded search pattern filesize limit: SRR12210269_fastqc.html
[2022-09-26 10:57:08,135] multiqc                                            [DEBUG  ]  File ignored by rockhopper because it exceeded search pattern filesize limit: SRR12210269_fastqc.html
[2022-09-26 10:57:08,135] multiqc                                            [DEBUG  ]  File ignored by rseqc/bam_stat because it exceeded search pattern filesize limit: SRR12210269_fastqc.html
[2022-09-26 10:57:08,135] multiqc                                            [DEBUG  ]  File ignored by rseqc/junction_annotation because it exceeded search pattern filesize limit: SRR12210269_fastqc.html
[2022-09-26 10:57:08,135] multiqc                                            [DEBUG  ]  File ignored by rseqc/read_distribution because it exceeded search pattern filesize limit: SRR12210269_fastqc.html
[2022-09-26 10:57:08,136] multiqc                                            [DEBUG  ]  File ignored by rseqc/infer_experiment because it exceeded search pattern filesize limit: SRR12210269_fastqc.html
[2022-09-26 10:57:08,223] multiqc                                            [DEBUG  ]  File ignored by nanostat because it exceeded search pattern filesize limit: SRR12210269_fastqc.html
[2022-09-26 10:57:08,235] multiqc                                            [DEBUG  ]  File ignored by ccs/v4 because it exceeded search pattern filesize limit: SRR12210270_fastqc.html
[2022-09-26 10:57:08,237] multiqc                                            [DEBUG  ]  File ignored by hicexplorer because it exceeded search pattern filesize limit: SRR12210270_fastqc.html
[2022-09-26 10:57:08,237] multiqc                                            [DEBUG  ]  File ignored by lima/summary because it exceeded search pattern filesize limit: SRR12210270_fastqc.html
[2022-09-26 10:57:08,241] multiqc                                            [DEBUG  ]  File ignored by vep/vep_txt because it exceeded search pattern filesize limit: SRR12210270_fastqc.html
[2022-09-26 10:57:08,241] multiqc                                            [DEBUG  ]  File ignored by longranger/invocation because it exceeded search pattern filesize limit: SRR12210270_fastqc.html
[2022-09-26 10:57:08,241] multiqc                                            [DEBUG  ]  File ignored by rockhopper because it exceeded search pattern filesize limit: SRR12210270_fastqc.html
[2022-09-26 10:57:08,242] multiqc                                            [DEBUG  ]  File ignored by rseqc/bam_stat because it exceeded search pattern filesize limit: SRR12210270_fastqc.html
[2022-09-26 10:57:08,242] multiqc                                            [DEBUG  ]  File ignored by rseqc/junction_annotation because it exceeded search pattern filesize limit: SRR12210270_fastqc.html
[2022-09-26 10:57:08,242] multiqc                                            [DEBUG  ]  File ignored by rseqc/read_distribution because it exceeded search pattern filesize limit: SRR12210270_fastqc.html
[2022-09-26 10:57:08,242] multiqc                                            [DEBUG  ]  File ignored by rseqc/infer_experiment because it exceeded search pattern filesize limit: SRR12210270_fastqc.html
[2022-09-26 10:57:08,332] multiqc                                            [DEBUG  ]  File ignored by nanostat because it exceeded search pattern filesize limit: SRR12210270_fastqc.html
[2022-09-26 10:57:08,343] multiqc                                            [DEBUG  ]  File ignored by ccs/v4 because it exceeded search pattern filesize limit: SRR12210271_fastqc.html
[2022-09-26 10:57:08,345] multiqc                                            [DEBUG  ]  File ignored by hicexplorer because it exceeded search pattern filesize limit: SRR12210271_fastqc.html
[2022-09-26 10:57:08,346] multiqc                                            [DEBUG  ]  File ignored by lima/summary because it exceeded search pattern filesize limit: SRR12210271_fastqc.html
[2022-09-26 10:57:08,350] multiqc                                            [DEBUG  ]  File ignored by vep/vep_txt because it exceeded search pattern filesize limit: SRR12210271_fastqc.html
[2022-09-26 10:57:08,350] multiqc                                            [DEBUG  ]  File ignored by longranger/invocation because it exceeded search pattern filesize limit: SRR12210271_fastqc.html
[2022-09-26 10:57:08,350] multiqc                                            [DEBUG  ]  File ignored by rockhopper because it exceeded search pattern filesize limit: SRR12210271_fastqc.html
[2022-09-26 10:57:08,350] multiqc                                            [DEBUG  ]  File ignored by rseqc/bam_stat because it exceeded search pattern filesize limit: SRR12210271_fastqc.html
[2022-09-26 10:57:08,350] multiqc                                            [DEBUG  ]  File ignored by rseqc/junction_annotation because it exceeded search pattern filesize limit: SRR12210271_fastqc.html
[2022-09-26 10:57:08,350] multiqc                                            [DEBUG  ]  File ignored by rseqc/read_distribution because it exceeded search pattern filesize limit: SRR12210271_fastqc.html
[2022-09-26 10:57:08,350] multiqc                                            [DEBUG  ]  File ignored by rseqc/infer_experiment because it exceeded search pattern filesize limit: SRR12210271_fastqc.html
[2022-09-26 10:57:08,434] multiqc                                            [DEBUG  ]  File ignored by nanostat because it exceeded search pattern filesize limit: SRR12210271_fastqc.html
[2022-09-26 10:57:08,445] multiqc                                            [DEBUG  ]  File ignored by ccs/v4 because it exceeded search pattern filesize limit: SRR12210272_fastqc.html
[2022-09-26 10:57:08,447] multiqc                                            [DEBUG  ]  File ignored by hicexplorer because it exceeded search pattern filesize limit: SRR12210272_fastqc.html
[2022-09-26 10:57:08,447] multiqc                                            [DEBUG  ]  File ignored by lima/summary because it exceeded search pattern filesize limit: SRR12210272_fastqc.html
[2022-09-26 10:57:08,451] multiqc                                            [DEBUG  ]  File ignored by vep/vep_txt because it exceeded search pattern filesize limit: SRR12210272_fastqc.html
[2022-09-26 10:57:08,451] multiqc                                            [DEBUG  ]  File ignored by longranger/invocation because it exceeded search pattern filesize limit: SRR12210272_fastqc.html
[2022-09-26 10:57:08,451] multiqc                                            [DEBUG  ]  File ignored by rockhopper because it exceeded search pattern filesize limit: SRR12210272_fastqc.html
[2022-09-26 10:57:08,451] multiqc                                            [DEBUG  ]  File ignored by rseqc/bam_stat because it exceeded search pattern filesize limit: SRR12210272_fastqc.html
[2022-09-26 10:57:08,451] multiqc                                            [DEBUG  ]  File ignored by rseqc/junction_annotation because it exceeded search pattern filesize limit: SRR12210272_fastqc.html
[2022-09-26 10:57:08,451] multiqc                                            [DEBUG  ]  File ignored by rseqc/read_distribution because it exceeded search pattern filesize limit: SRR12210272_fastqc.html
[2022-09-26 10:57:08,451] multiqc                                            [DEBUG  ]  File ignored by rseqc/infer_experiment because it exceeded search pattern filesize limit: SRR12210272_fastqc.html
[2022-09-26 10:57:08,536] multiqc                                            [DEBUG  ]  File ignored by nanostat because it exceeded search pattern filesize limit: SRR12210272_fastqc.html
[2022-09-26 10:57:08,546] multiqc                                            [DEBUG  ]  File ignored by ccs/v4 because it exceeded search pattern filesize limit: SRR12210273_fastqc.html
[2022-09-26 10:57:08,549] multiqc                                            [DEBUG  ]  File ignored by hicexplorer because it exceeded search pattern filesize limit: SRR12210273_fastqc.html
[2022-09-26 10:57:08,549] multiqc                                            [DEBUG  ]  File ignored by lima/summary because it exceeded search pattern filesize limit: SRR12210273_fastqc.html
[2022-09-26 10:57:08,553] multiqc                                            [DEBUG  ]  File ignored by vep/vep_txt because it exceeded search pattern filesize limit: SRR12210273_fastqc.html
[2022-09-26 10:57:08,553] multiqc                                            [DEBUG  ]  File ignored by longranger/invocation because it exceeded search pattern filesize limit: SRR12210273_fastqc.html
[2022-09-26 10:57:08,553] multiqc                                            [DEBUG  ]  File ignored by rockhopper because it exceeded search pattern filesize limit: SRR12210273_fastqc.html
[2022-09-26 10:57:08,553] multiqc                                            [DEBUG  ]  File ignored by rseqc/bam_stat because it exceeded search pattern filesize limit: SRR12210273_fastqc.html
[2022-09-26 10:57:08,553] multiqc                                            [DEBUG  ]  File ignored by rseqc/junction_annotation because it exceeded search pattern filesize limit: SRR12210273_fastqc.html
[2022-09-26 10:57:08,553] multiqc                                            [DEBUG  ]  File ignored by rseqc/read_distribution because it exceeded search pattern filesize limit: SRR12210273_fastqc.html
[2022-09-26 10:57:08,553] multiqc                                            [DEBUG  ]  File ignored by rseqc/infer_experiment because it exceeded search pattern filesize limit: SRR12210273_fastqc.html
[2022-09-26 10:57:08,640] multiqc                                            [DEBUG  ]  File ignored by nanostat because it exceeded search pattern filesize limit: SRR12210273_fastqc.html
[2022-09-26 10:57:08,651] multiqc                                            [DEBUG  ]  File ignored by ccs/v4 because it exceeded search pattern filesize limit: SRR12210274_fastqc.html
[2022-09-26 10:57:08,653] multiqc                                            [DEBUG  ]  File ignored by hicexplorer because it exceeded search pattern filesize limit: SRR12210274_fastqc.html
[2022-09-26 10:57:08,653] multiqc                                            [DEBUG  ]  File ignored by lima/summary because it exceeded search pattern filesize limit: SRR12210274_fastqc.html
[2022-09-26 10:57:08,657] multiqc                                            [DEBUG  ]  File ignored by vep/vep_txt because it exceeded search pattern filesize limit: SRR12210274_fastqc.html
[2022-09-26 10:57:08,657] multiqc                                            [DEBUG  ]  File ignored by longranger/invocation because it exceeded search pattern filesize limit: SRR12210274_fastqc.html
[2022-09-26 10:57:08,657] multiqc                                            [DEBUG  ]  File ignored by rockhopper because it exceeded search pattern filesize limit: SRR12210274_fastqc.html
[2022-09-26 10:57:08,657] multiqc                                            [DEBUG  ]  File ignored by rseqc/bam_stat because it exceeded search pattern filesize limit: SRR12210274_fastqc.html
[2022-09-26 10:57:08,657] multiqc                                            [DEBUG  ]  File ignored by rseqc/junction_annotation because it exceeded search pattern filesize limit: SRR12210274_fastqc.html
[2022-09-26 10:57:08,658] multiqc                                            [DEBUG  ]  File ignored by rseqc/read_distribution because it exceeded search pattern filesize limit: SRR12210274_fastqc.html
[2022-09-26 10:57:08,658] multiqc                                            [DEBUG  ]  File ignored by rseqc/infer_experiment because it exceeded search pattern filesize limit: SRR12210274_fastqc.html
[2022-09-26 10:57:08,745] multiqc                                            [DEBUG  ]  File ignored by nanostat because it exceeded search pattern filesize limit: SRR12210274_fastqc.html
[2022-09-26 10:57:08,755] multiqc                                            [DEBUG  ]  File ignored by ccs/v4 because it exceeded search pattern filesize limit: SRR12210275_fastqc.html
[2022-09-26 10:57:08,757] multiqc                                            [DEBUG  ]  File ignored by hicexplorer because it exceeded search pattern filesize limit: SRR12210275_fastqc.html
[2022-09-26 10:57:08,757] multiqc                                            [DEBUG  ]  File ignored by lima/summary because it exceeded search pattern filesize limit: SRR12210275_fastqc.html
[2022-09-26 10:57:08,761] multiqc                                            [DEBUG  ]  File ignored by vep/vep_txt because it exceeded search pattern filesize limit: SRR12210275_fastqc.html
[2022-09-26 10:57:08,761] multiqc                                            [DEBUG  ]  File ignored by longranger/invocation because it exceeded search pattern filesize limit: SRR12210275_fastqc.html
[2022-09-26 10:57:08,761] multiqc                                            [DEBUG  ]  File ignored by rockhopper because it exceeded search pattern filesize limit: SRR12210275_fastqc.html
[2022-09-26 10:57:08,761] multiqc                                            [DEBUG  ]  File ignored by rseqc/bam_stat because it exceeded search pattern filesize limit: SRR12210275_fastqc.html
[2022-09-26 10:57:08,761] multiqc                                            [DEBUG  ]  File ignored by rseqc/junction_annotation because it exceeded search pattern filesize limit: SRR12210275_fastqc.html
[2022-09-26 10:57:08,761] multiqc                                            [DEBUG  ]  File ignored by rseqc/read_distribution because it exceeded search pattern filesize limit: SRR12210275_fastqc.html
[2022-09-26 10:57:08,761] multiqc                                            [DEBUG  ]  File ignored by rseqc/infer_experiment because it exceeded search pattern filesize limit: SRR12210275_fastqc.html
[2022-09-26 10:57:08,846] multiqc                                            [DEBUG  ]  File ignored by nanostat because it exceeded search pattern filesize limit: SRR12210275_fastqc.html
[2022-09-26 10:57:08,857] multiqc                                            [DEBUG  ]  File ignored by ccs/v4 because it exceeded search pattern filesize limit: SRR12210276_fastqc.html
[2022-09-26 10:57:08,860] multiqc                                            [DEBUG  ]  File ignored by hicexplorer because it exceeded search pattern filesize limit: SRR12210276_fastqc.html
[2022-09-26 10:57:08,860] multiqc                                            [DEBUG  ]  File ignored by lima/summary because it exceeded search pattern filesize limit: SRR12210276_fastqc.html
[2022-09-26 10:57:08,864] multiqc                                            [DEBUG  ]  File ignored by vep/vep_txt because it exceeded search pattern filesize limit: SRR12210276_fastqc.html
[2022-09-26 10:57:08,864] multiqc                                            [DEBUG  ]  File ignored by longranger/invocation because it exceeded search pattern filesize limit: SRR12210276_fastqc.html
[2022-09-26 10:57:08,864] multiqc                                            [DEBUG  ]  File ignored by rockhopper because it exceeded search pattern filesize limit: SRR12210276_fastqc.html
[2022-09-26 10:57:08,864] multiqc                                            [DEBUG  ]  File ignored by rseqc/bam_stat because it exceeded search pattern filesize limit: SRR12210276_fastqc.html
[2022-09-26 10:57:08,864] multiqc                                            [DEBUG  ]  File ignored by rseqc/junction_annotation because it exceeded search pattern filesize limit: SRR12210276_fastqc.html
[2022-09-26 10:57:08,864] multiqc                                            [DEBUG  ]  File ignored by rseqc/read_distribution because it exceeded search pattern filesize limit: SRR12210276_fastqc.html
[2022-09-26 10:57:08,864] multiqc                                            [DEBUG  ]  File ignored by rseqc/infer_experiment because it exceeded search pattern filesize limit: SRR12210276_fastqc.html
[2022-09-26 10:57:08,951] multiqc                                            [DEBUG  ]  File ignored by nanostat because it exceeded search pattern filesize limit: SRR12210276_fastqc.html
[2022-09-26 10:57:08,962] multiqc                                            [DEBUG  ]  File ignored by ccs/v4 because it exceeded search pattern filesize limit: SRR12210277_fastqc.html
[2022-09-26 10:57:08,964] multiqc                                            [DEBUG  ]  File ignored by hicexplorer because it exceeded search pattern filesize limit: SRR12210277_fastqc.html
[2022-09-26 10:57:08,964] multiqc                                            [DEBUG  ]  File ignored by lima/summary because it exceeded search pattern filesize limit: SRR12210277_fastqc.html
[2022-09-26 10:57:08,968] multiqc                                            [DEBUG  ]  File ignored by vep/vep_txt because it exceeded search pattern filesize limit: SRR12210277_fastqc.html
[2022-09-26 10:57:08,968] multiqc                                            [DEBUG  ]  File ignored by longranger/invocation because it exceeded search pattern filesize limit: SRR12210277_fastqc.html
[2022-09-26 10:57:08,968] multiqc                                            [DEBUG  ]  File ignored by rockhopper because it exceeded search pattern filesize limit: SRR12210277_fastqc.html
[2022-09-26 10:57:08,968] multiqc                                            [DEBUG  ]  File ignored by rseqc/bam_stat because it exceeded search pattern filesize limit: SRR12210277_fastqc.html
[2022-09-26 10:57:08,968] multiqc                                            [DEBUG  ]  File ignored by rseqc/junction_annotation because it exceeded search pattern filesize limit: SRR12210277_fastqc.html
[2022-09-26 10:57:08,968] multiqc                                            [DEBUG  ]  File ignored by rseqc/read_distribution because it exceeded search pattern filesize limit: SRR12210277_fastqc.html
[2022-09-26 10:57:08,968] multiqc                                            [DEBUG  ]  File ignored by rseqc/infer_experiment because it exceeded search pattern filesize limit: SRR12210277_fastqc.html
[2022-09-26 10:57:09,053] multiqc                                            [DEBUG  ]  File ignored by nanostat because it exceeded search pattern filesize limit: SRR12210277_fastqc.html
[2022-09-26 10:57:09,064] multiqc                                            [DEBUG  ]  File ignored by ccs/v4 because it exceeded search pattern filesize limit: SRR12210278_fastqc.html
[2022-09-26 10:57:09,066] multiqc                                            [DEBUG  ]  File ignored by hicexplorer because it exceeded search pattern filesize limit: SRR12210278_fastqc.html
[2022-09-26 10:57:09,066] multiqc                                            [DEBUG  ]  File ignored by lima/summary because it exceeded search pattern filesize limit: SRR12210278_fastqc.html
[2022-09-26 10:57:09,070] multiqc                                            [DEBUG  ]  File ignored by vep/vep_txt because it exceeded search pattern filesize limit: SRR12210278_fastqc.html
[2022-09-26 10:57:09,070] multiqc                                            [DEBUG  ]  File ignored by longranger/invocation because it exceeded search pattern filesize limit: SRR12210278_fastqc.html
[2022-09-26 10:57:09,070] multiqc                                            [DEBUG  ]  File ignored by rockhopper because it exceeded search pattern filesize limit: SRR12210278_fastqc.html
[2022-09-26 10:57:09,070] multiqc                                            [DEBUG  ]  File ignored by rseqc/bam_stat because it exceeded search pattern filesize limit: SRR12210278_fastqc.html
[2022-09-26 10:57:09,070] multiqc                                            [DEBUG  ]  File ignored by rseqc/junction_annotation because it exceeded search pattern filesize limit: SRR12210278_fastqc.html
[2022-09-26 10:57:09,070] multiqc                                            [DEBUG  ]  File ignored by rseqc/read_distribution because it exceeded search pattern filesize limit: SRR12210278_fastqc.html
[2022-09-26 10:57:09,070] multiqc                                            [DEBUG  ]  File ignored by rseqc/infer_experiment because it exceeded search pattern filesize limit: SRR12210278_fastqc.html
[2022-09-26 10:57:09,156] multiqc                                            [DEBUG  ]  File ignored by nanostat because it exceeded search pattern filesize limit: SRR12210278_fastqc.html
[2022-09-26 10:57:09,167] multiqc                                            [DEBUG  ]  File ignored by ccs/v4 because it exceeded search pattern filesize limit: SRR12210279_fastqc.html
[2022-09-26 10:57:09,170] multiqc                                            [DEBUG  ]  File ignored by hicexplorer because it exceeded search pattern filesize limit: SRR12210279_fastqc.html
[2022-09-26 10:57:09,170] multiqc                                            [DEBUG  ]  File ignored by lima/summary because it exceeded search pattern filesize limit: SRR12210279_fastqc.html
[2022-09-26 10:57:09,174] multiqc                                            [DEBUG  ]  File ignored by vep/vep_txt because it exceeded search pattern filesize limit: SRR12210279_fastqc.html
[2022-09-26 10:57:09,174] multiqc                                            [DEBUG  ]  File ignored by longranger/invocation because it exceeded search pattern filesize limit: SRR12210279_fastqc.html
[2022-09-26 10:57:09,174] multiqc                                            [DEBUG  ]  File ignored by rockhopper because it exceeded search pattern filesize limit: SRR12210279_fastqc.html
[2022-09-26 10:57:09,174] multiqc                                            [DEBUG  ]  File ignored by rseqc/bam_stat because it exceeded search pattern filesize limit: SRR12210279_fastqc.html
[2022-09-26 10:57:09,174] multiqc                                            [DEBUG  ]  File ignored by rseqc/junction_annotation because it exceeded search pattern filesize limit: SRR12210279_fastqc.html
[2022-09-26 10:57:09,174] multiqc                                            [DEBUG  ]  File ignored by rseqc/read_distribution because it exceeded search pattern filesize limit: SRR12210279_fastqc.html
[2022-09-26 10:57:09,174] multiqc                                            [DEBUG  ]  File ignored by rseqc/infer_experiment because it exceeded search pattern filesize limit: SRR12210279_fastqc.html
[2022-09-26 10:57:09,258] multiqc                                            [DEBUG  ]  File ignored by nanostat because it exceeded search pattern filesize limit: SRR12210279_fastqc.html
[2022-09-26 10:57:09,270] multiqc                                            [DEBUG  ]  File ignored by ccs/v4 because it exceeded search pattern filesize limit: SRR12210280_fastqc.html
[2022-09-26 10:57:09,272] multiqc                                            [DEBUG  ]  File ignored by hicexplorer because it exceeded search pattern filesize limit: SRR12210280_fastqc.html
[2022-09-26 10:57:09,272] multiqc                                            [DEBUG  ]  File ignored by lima/summary because it exceeded search pattern filesize limit: SRR12210280_fastqc.html
[2022-09-26 10:57:09,276] multiqc                                            [DEBUG  ]  File ignored by vep/vep_txt because it exceeded search pattern filesize limit: SRR12210280_fastqc.html
[2022-09-26 10:57:09,276] multiqc                                            [DEBUG  ]  File ignored by longranger/invocation because it exceeded search pattern filesize limit: SRR12210280_fastqc.html
[2022-09-26 10:57:09,276] multiqc                                            [DEBUG  ]  File ignored by rockhopper because it exceeded search pattern filesize limit: SRR12210280_fastqc.html
[2022-09-26 10:57:09,276] multiqc                                            [DEBUG  ]  File ignored by rseqc/bam_stat because it exceeded search pattern filesize limit: SRR12210280_fastqc.html
[2022-09-26 10:57:09,276] multiqc                                            [DEBUG  ]  File ignored by rseqc/junction_annotation because it exceeded search pattern filesize limit: SRR12210280_fastqc.html
[2022-09-26 10:57:09,276] multiqc                                            [DEBUG  ]  File ignored by rseqc/read_distribution because it exceeded search pattern filesize limit: SRR12210280_fastqc.html
[2022-09-26 10:57:09,276] multiqc                                            [DEBUG  ]  File ignored by rseqc/infer_experiment because it exceeded search pattern filesize limit: SRR12210280_fastqc.html
[2022-09-26 10:57:09,363] multiqc                                            [DEBUG  ]  File ignored by nanostat because it exceeded search pattern filesize limit: SRR12210280_fastqc.html
[2022-09-26 10:57:09,374] multiqc                                            [DEBUG  ]  File ignored by ccs/v4 because it exceeded search pattern filesize limit: SRR12210281_fastqc.html
[2022-09-26 10:57:09,376] multiqc                                            [DEBUG  ]  File ignored by hicexplorer because it exceeded search pattern filesize limit: SRR12210281_fastqc.html
[2022-09-26 10:57:09,376] multiqc                                            [DEBUG  ]  File ignored by lima/summary because it exceeded search pattern filesize limit: SRR12210281_fastqc.html
[2022-09-26 10:57:09,380] multiqc                                            [DEBUG  ]  File ignored by vep/vep_txt because it exceeded search pattern filesize limit: SRR12210281_fastqc.html
[2022-09-26 10:57:09,380] multiqc                                            [DEBUG  ]  File ignored by longranger/invocation because it exceeded search pattern filesize limit: SRR12210281_fastqc.html
[2022-09-26 10:57:09,380] multiqc                                            [DEBUG  ]  File ignored by rockhopper because it exceeded search pattern filesize limit: SRR12210281_fastqc.html
[2022-09-26 10:57:09,380] multiqc                                            [DEBUG  ]  File ignored by rseqc/bam_stat because it exceeded search pattern filesize limit: SRR12210281_fastqc.html
[2022-09-26 10:57:09,380] multiqc                                            [DEBUG  ]  File ignored by rseqc/junction_annotation because it exceeded search pattern filesize limit: SRR12210281_fastqc.html
[2022-09-26 10:57:09,380] multiqc                                            [DEBUG  ]  File ignored by rseqc/read_distribution because it exceeded search pattern filesize limit: SRR12210281_fastqc.html
[2022-09-26 10:57:09,380] multiqc                                            [DEBUG  ]  File ignored by rseqc/infer_experiment because it exceeded search pattern filesize limit: SRR12210281_fastqc.html
[2022-09-26 10:57:09,464] multiqc                                            [DEBUG  ]  File ignored by nanostat because it exceeded search pattern filesize limit: SRR12210281_fastqc.html
[2022-09-26 10:57:09,475] multiqc                                            [DEBUG  ]  File ignored by ccs/v4 because it exceeded search pattern filesize limit: SRR12210282_fastqc.html
[2022-09-26 10:57:09,477] multiqc                                            [DEBUG  ]  File ignored by hicexplorer because it exceeded search pattern filesize limit: SRR12210282_fastqc.html
[2022-09-26 10:57:09,477] multiqc                                            [DEBUG  ]  File ignored by lima/summary because it exceeded search pattern filesize limit: SRR12210282_fastqc.html
[2022-09-26 10:57:09,481] multiqc                                            [DEBUG  ]  File ignored by vep/vep_txt because it exceeded search pattern filesize limit: SRR12210282_fastqc.html
[2022-09-26 10:57:09,481] multiqc                                            [DEBUG  ]  File ignored by longranger/invocation because it exceeded search pattern filesize limit: SRR12210282_fastqc.html
[2022-09-26 10:57:09,481] multiqc                                            [DEBUG  ]  File ignored by rockhopper because it exceeded search pattern filesize limit: SRR12210282_fastqc.html
[2022-09-26 10:57:09,482] multiqc                                            [DEBUG  ]  File ignored by rseqc/bam_stat because it exceeded search pattern filesize limit: SRR12210282_fastqc.html
[2022-09-26 10:57:09,482] multiqc                                            [DEBUG  ]  File ignored by rseqc/junction_annotation because it exceeded search pattern filesize limit: SRR12210282_fastqc.html
[2022-09-26 10:57:09,482] multiqc                                            [DEBUG  ]  File ignored by rseqc/read_distribution because it exceeded search pattern filesize limit: SRR12210282_fastqc.html
[2022-09-26 10:57:09,482] multiqc                                            [DEBUG  ]  File ignored by rseqc/infer_experiment because it exceeded search pattern filesize limit: SRR12210282_fastqc.html
[2022-09-26 10:57:09,566] multiqc                                            [DEBUG  ]  File ignored by nanostat because it exceeded search pattern filesize limit: SRR12210282_fastqc.html
[2022-09-26 10:57:09,577] multiqc                                            [DEBUG  ]  File ignored by ccs/v4 because it exceeded search pattern filesize limit: SRR12210283_fastqc.html
[2022-09-26 10:57:09,579] multiqc                                            [DEBUG  ]  File ignored by hicexplorer because it exceeded search pattern filesize limit: SRR12210283_fastqc.html
[2022-09-26 10:57:09,579] multiqc                                            [DEBUG  ]  File ignored by lima/summary because it exceeded search pattern filesize limit: SRR12210283_fastqc.html
[2022-09-26 10:57:09,583] multiqc                                            [DEBUG  ]  File ignored by vep/vep_txt because it exceeded search pattern filesize limit: SRR12210283_fastqc.html
[2022-09-26 10:57:09,583] multiqc                                            [DEBUG  ]  File ignored by longranger/invocation because it exceeded search pattern filesize limit: SRR12210283_fastqc.html
[2022-09-26 10:57:09,583] multiqc                                            [DEBUG  ]  File ignored by rockhopper because it exceeded search pattern filesize limit: SRR12210283_fastqc.html
[2022-09-26 10:57:09,584] multiqc                                            [DEBUG  ]  File ignored by rseqc/bam_stat because it exceeded search pattern filesize limit: SRR12210283_fastqc.html
[2022-09-26 10:57:09,584] multiqc                                            [DEBUG  ]  File ignored by rseqc/junction_annotation because it exceeded search pattern filesize limit: SRR12210283_fastqc.html
[2022-09-26 10:57:09,584] multiqc                                            [DEBUG  ]  File ignored by rseqc/read_distribution because it exceeded search pattern filesize limit: SRR12210283_fastqc.html
[2022-09-26 10:57:09,584] multiqc                                            [DEBUG  ]  File ignored by rseqc/infer_experiment because it exceeded search pattern filesize limit: SRR12210283_fastqc.html
[2022-09-26 10:57:09,669] multiqc                                            [DEBUG  ]  File ignored by nanostat because it exceeded search pattern filesize limit: SRR12210283_fastqc.html
[2022-09-26 10:57:09,679] multiqc                                            [DEBUG  ]  File ignored by ccs/v4 because it exceeded search pattern filesize limit: SRR12210284_fastqc.html
[2022-09-26 10:57:09,681] multiqc                                            [DEBUG  ]  File ignored by hicexplorer because it exceeded search pattern filesize limit: SRR12210284_fastqc.html
[2022-09-26 10:57:09,682] multiqc                                            [DEBUG  ]  File ignored by lima/summary because it exceeded search pattern filesize limit: SRR12210284_fastqc.html
[2022-09-26 10:57:09,685] multiqc                                            [DEBUG  ]  File ignored by vep/vep_txt because it exceeded search pattern filesize limit: SRR12210284_fastqc.html
[2022-09-26 10:57:09,686] multiqc                                            [DEBUG  ]  File ignored by longranger/invocation because it exceeded search pattern filesize limit: SRR12210284_fastqc.html
[2022-09-26 10:57:09,686] multiqc                                            [DEBUG  ]  File ignored by rockhopper because it exceeded search pattern filesize limit: SRR12210284_fastqc.html
[2022-09-26 10:57:09,686] multiqc                                            [DEBUG  ]  File ignored by rseqc/bam_stat because it exceeded search pattern filesize limit: SRR12210284_fastqc.html
[2022-09-26 10:57:09,686] multiqc                                            [DEBUG  ]  File ignored by rseqc/junction_annotation because it exceeded search pattern filesize limit: SRR12210284_fastqc.html
[2022-09-26 10:57:09,686] multiqc                                            [DEBUG  ]  File ignored by rseqc/read_distribution because it exceeded search pattern filesize limit: SRR12210284_fastqc.html
[2022-09-26 10:57:09,686] multiqc                                            [DEBUG  ]  File ignored by rseqc/infer_experiment because it exceeded search pattern filesize limit: SRR12210284_fastqc.html
[2022-09-26 10:57:09,772] multiqc                                            [DEBUG  ]  File ignored by nanostat because it exceeded search pattern filesize limit: SRR12210284_fastqc.html
[2022-09-26 10:57:09,783] multiqc                                            [DEBUG  ]  File ignored by ccs/v4 because it exceeded search pattern filesize limit: SRR12210285_fastqc.html
[2022-09-26 10:57:09,785] multiqc                                            [DEBUG  ]  File ignored by hicexplorer because it exceeded search pattern filesize limit: SRR12210285_fastqc.html
[2022-09-26 10:57:09,785] multiqc                                            [DEBUG  ]  File ignored by lima/summary because it exceeded search pattern filesize limit: SRR12210285_fastqc.html
[2022-09-26 10:57:09,789] multiqc                                            [DEBUG  ]  File ignored by vep/vep_txt because it exceeded search pattern filesize limit: SRR12210285_fastqc.html
[2022-09-26 10:57:09,789] multiqc                                            [DEBUG  ]  File ignored by longranger/invocation because it exceeded search pattern filesize limit: SRR12210285_fastqc.html
[2022-09-26 10:57:09,789] multiqc                                            [DEBUG  ]  File ignored by rockhopper because it exceeded search pattern filesize limit: SRR12210285_fastqc.html
[2022-09-26 10:57:09,789] multiqc                                            [DEBUG  ]  File ignored by rseqc/bam_stat because it exceeded search pattern filesize limit: SRR12210285_fastqc.html
[2022-09-26 10:57:09,789] multiqc                                            [DEBUG  ]  File ignored by rseqc/junction_annotation because it exceeded search pattern filesize limit: SRR12210285_fastqc.html
[2022-09-26 10:57:09,789] multiqc                                            [DEBUG  ]  File ignored by rseqc/read_distribution because it exceeded search pattern filesize limit: SRR12210285_fastqc.html
[2022-09-26 10:57:09,789] multiqc                                            [DEBUG  ]  File ignored by rseqc/infer_experiment because it exceeded search pattern filesize limit: SRR12210285_fastqc.html
[2022-09-26 10:57:09,873] multiqc                                            [DEBUG  ]  File ignored by nanostat because it exceeded search pattern filesize limit: SRR12210285_fastqc.html
[2022-09-26 10:57:09,883] multiqc                                            [DEBUG  ]  File ignored by ccs/v4 because it exceeded search pattern filesize limit: SRR12210286_fastqc.html
[2022-09-26 10:57:09,885] multiqc                                            [DEBUG  ]  File ignored by hicexplorer because it exceeded search pattern filesize limit: SRR12210286_fastqc.html
[2022-09-26 10:57:09,886] multiqc                                            [DEBUG  ]  File ignored by lima/summary because it exceeded search pattern filesize limit: SRR12210286_fastqc.html
[2022-09-26 10:57:09,890] multiqc                                            [DEBUG  ]  File ignored by vep/vep_txt because it exceeded search pattern filesize limit: SRR12210286_fastqc.html
[2022-09-26 10:57:09,890] multiqc                                            [DEBUG  ]  File ignored by longranger/invocation because it exceeded search pattern filesize limit: SRR12210286_fastqc.html
[2022-09-26 10:57:09,890] multiqc                                            [DEBUG  ]  File ignored by rockhopper because it exceeded search pattern filesize limit: SRR12210286_fastqc.html
[2022-09-26 10:57:09,890] multiqc                                            [DEBUG  ]  File ignored by rseqc/bam_stat because it exceeded search pattern filesize limit: SRR12210286_fastqc.html
[2022-09-26 10:57:09,890] multiqc                                            [DEBUG  ]  File ignored by rseqc/junction_annotation because it exceeded search pattern filesize limit: SRR12210286_fastqc.html
[2022-09-26 10:57:09,890] multiqc                                            [DEBUG  ]  File ignored by rseqc/read_distribution because it exceeded search pattern filesize limit: SRR12210286_fastqc.html
[2022-09-26 10:57:09,890] multiqc                                            [DEBUG  ]  File ignored by rseqc/infer_experiment because it exceeded search pattern filesize limit: SRR12210286_fastqc.html
[2022-09-26 10:57:09,976] multiqc                                            [DEBUG  ]  File ignored by nanostat because it exceeded search pattern filesize limit: SRR12210286_fastqc.html
[2022-09-26 10:57:09,987] multiqc                                            [DEBUG  ]  File ignored by ccs/v4 because it exceeded search pattern filesize limit: SRR12210287_fastqc.html
[2022-09-26 10:57:09,989] multiqc                                            [DEBUG  ]  File ignored by hicexplorer because it exceeded search pattern filesize limit: SRR12210287_fastqc.html
[2022-09-26 10:57:09,990] multiqc                                            [DEBUG  ]  File ignored by lima/summary because it exceeded search pattern filesize limit: SRR12210287_fastqc.html
[2022-09-26 10:57:09,993] multiqc                                            [DEBUG  ]  File ignored by vep/vep_txt because it exceeded search pattern filesize limit: SRR12210287_fastqc.html
[2022-09-26 10:57:09,994] multiqc                                            [DEBUG  ]  File ignored by longranger/invocation because it exceeded search pattern filesize limit: SRR12210287_fastqc.html
[2022-09-26 10:57:09,994] multiqc                                            [DEBUG  ]  File ignored by rockhopper because it exceeded search pattern filesize limit: SRR12210287_fastqc.html
[2022-09-26 10:57:09,994] multiqc                                            [DEBUG  ]  File ignored by rseqc/bam_stat because it exceeded search pattern filesize limit: SRR12210287_fastqc.html
[2022-09-26 10:57:09,994] multiqc                                            [DEBUG  ]  File ignored by rseqc/junction_annotation because it exceeded search pattern filesize limit: SRR12210287_fastqc.html
[2022-09-26 10:57:09,994] multiqc                                            [DEBUG  ]  File ignored by rseqc/read_distribution because it exceeded search pattern filesize limit: SRR12210287_fastqc.html
[2022-09-26 10:57:09,994] multiqc                                            [DEBUG  ]  File ignored by rseqc/infer_experiment because it exceeded search pattern filesize limit: SRR12210287_fastqc.html
[2022-09-26 10:57:10,080] multiqc                                            [DEBUG  ]  File ignored by nanostat because it exceeded search pattern filesize limit: SRR12210287_fastqc.html
[2022-09-26 10:57:10,091] multiqc                                            [DEBUG  ]  File ignored by ccs/v4 because it exceeded search pattern filesize limit: SRR12210288_fastqc.html
[2022-09-26 10:57:10,093] multiqc                                            [DEBUG  ]  File ignored by hicexplorer because it exceeded search pattern filesize limit: SRR12210288_fastqc.html
[2022-09-26 10:57:10,093] multiqc                                            [DEBUG  ]  File ignored by lima/summary because it exceeded search pattern filesize limit: SRR12210288_fastqc.html
[2022-09-26 10:57:10,097] multiqc                                            [DEBUG  ]  File ignored by vep/vep_txt because it exceeded search pattern filesize limit: SRR12210288_fastqc.html
[2022-09-26 10:57:10,097] multiqc                                            [DEBUG  ]  File ignored by longranger/invocation because it exceeded search pattern filesize limit: SRR12210288_fastqc.html
[2022-09-26 10:57:10,097] multiqc                                            [DEBUG  ]  File ignored by rockhopper because it exceeded search pattern filesize limit: SRR12210288_fastqc.html
[2022-09-26 10:57:10,097] multiqc                                            [DEBUG  ]  File ignored by rseqc/bam_stat because it exceeded search pattern filesize limit: SRR12210288_fastqc.html
[2022-09-26 10:57:10,097] multiqc                                            [DEBUG  ]  File ignored by rseqc/junction_annotation because it exceeded search pattern filesize limit: SRR12210288_fastqc.html
[2022-09-26 10:57:10,097] multiqc                                            [DEBUG  ]  File ignored by rseqc/read_distribution because it exceeded search pattern filesize limit: SRR12210288_fastqc.html
[2022-09-26 10:57:10,097] multiqc                                            [DEBUG  ]  File ignored by rseqc/infer_experiment because it exceeded search pattern filesize limit: SRR12210288_fastqc.html
[2022-09-26 10:57:10,181] multiqc                                            [DEBUG  ]  File ignored by nanostat because it exceeded search pattern filesize limit: SRR12210288_fastqc.html
[2022-09-26 10:57:10,192] multiqc                                            [DEBUG  ]  File ignored by ccs/v4 because it exceeded search pattern filesize limit: SRR12210289_fastqc.html
[2022-09-26 10:57:10,194] multiqc                                            [DEBUG  ]  File ignored by hicexplorer because it exceeded search pattern filesize limit: SRR12210289_fastqc.html
[2022-09-26 10:57:10,195] multiqc                                            [DEBUG  ]  File ignored by lima/summary because it exceeded search pattern filesize limit: SRR12210289_fastqc.html
[2022-09-26 10:57:10,198] multiqc                                            [DEBUG  ]  File ignored by vep/vep_txt because it exceeded search pattern filesize limit: SRR12210289_fastqc.html
[2022-09-26 10:57:10,199] multiqc                                            [DEBUG  ]  File ignored by longranger/invocation because it exceeded search pattern filesize limit: SRR12210289_fastqc.html
[2022-09-26 10:57:10,199] multiqc                                            [DEBUG  ]  File ignored by rockhopper because it exceeded search pattern filesize limit: SRR12210289_fastqc.html
[2022-09-26 10:57:10,199] multiqc                                            [DEBUG  ]  File ignored by rseqc/bam_stat because it exceeded search pattern filesize limit: SRR12210289_fastqc.html
[2022-09-26 10:57:10,199] multiqc                                            [DEBUG  ]  File ignored by rseqc/junction_annotation because it exceeded search pattern filesize limit: SRR12210289_fastqc.html
[2022-09-26 10:57:10,199] multiqc                                            [DEBUG  ]  File ignored by rseqc/read_distribution because it exceeded search pattern filesize limit: SRR12210289_fastqc.html
[2022-09-26 10:57:10,199] multiqc                                            [DEBUG  ]  File ignored by rseqc/infer_experiment because it exceeded search pattern filesize limit: SRR12210289_fastqc.html
[2022-09-26 10:57:10,283] multiqc                                            [DEBUG  ]  File ignored by nanostat because it exceeded search pattern filesize limit: SRR12210289_fastqc.html
[2022-09-26 10:57:10,294] multiqc                                            [DEBUG  ]  File ignored by ccs/v4 because it exceeded search pattern filesize limit: SRR12210290_fastqc.html
[2022-09-26 10:57:10,296] multiqc                                            [DEBUG  ]  File ignored by hicexplorer because it exceeded search pattern filesize limit: SRR12210290_fastqc.html
[2022-09-26 10:57:10,296] multiqc                                            [DEBUG  ]  File ignored by lima/summary because it exceeded search pattern filesize limit: SRR12210290_fastqc.html
[2022-09-26 10:57:10,300] multiqc                                            [DEBUG  ]  File ignored by vep/vep_txt because it exceeded search pattern filesize limit: SRR12210290_fastqc.html
[2022-09-26 10:57:10,301] multiqc                                            [DEBUG  ]  File ignored by longranger/invocation because it exceeded search pattern filesize limit: SRR12210290_fastqc.html
[2022-09-26 10:57:10,301] multiqc                                            [DEBUG  ]  File ignored by rockhopper because it exceeded search pattern filesize limit: SRR12210290_fastqc.html
[2022-09-26 10:57:10,301] multiqc                                            [DEBUG  ]  File ignored by rseqc/bam_stat because it exceeded search pattern filesize limit: SRR12210290_fastqc.html
[2022-09-26 10:57:10,301] multiqc                                            [DEBUG  ]  File ignored by rseqc/junction_annotation because it exceeded search pattern filesize limit: SRR12210290_fastqc.html
[2022-09-26 10:57:10,301] multiqc                                            [DEBUG  ]  File ignored by rseqc/read_distribution because it exceeded search pattern filesize limit: SRR12210290_fastqc.html
[2022-09-26 10:57:10,301] multiqc                                            [DEBUG  ]  File ignored by rseqc/infer_experiment because it exceeded search pattern filesize limit: SRR12210290_fastqc.html
[2022-09-26 10:57:10,385] multiqc                                            [DEBUG  ]  File ignored by nanostat because it exceeded search pattern filesize limit: SRR12210290_fastqc.html
[2022-09-26 10:57:10,396] multiqc                                            [DEBUG  ]  File ignored by ccs/v4 because it exceeded search pattern filesize limit: SRR12210291_fastqc.html
[2022-09-26 10:57:10,398] multiqc                                            [DEBUG  ]  File ignored by hicexplorer because it exceeded search pattern filesize limit: SRR12210291_fastqc.html
[2022-09-26 10:57:10,398] multiqc                                            [DEBUG  ]  File ignored by lima/summary because it exceeded search pattern filesize limit: SRR12210291_fastqc.html
[2022-09-26 10:57:10,402] multiqc                                            [DEBUG  ]  File ignored by vep/vep_txt because it exceeded search pattern filesize limit: SRR12210291_fastqc.html
[2022-09-26 10:57:10,402] multiqc                                            [DEBUG  ]  File ignored by longranger/invocation because it exceeded search pattern filesize limit: SRR12210291_fastqc.html
[2022-09-26 10:57:10,402] multiqc                                            [DEBUG  ]  File ignored by rockhopper because it exceeded search pattern filesize limit: SRR12210291_fastqc.html
[2022-09-26 10:57:10,402] multiqc                                            [DEBUG  ]  File ignored by rseqc/bam_stat because it exceeded search pattern filesize limit: SRR12210291_fastqc.html
[2022-09-26 10:57:10,402] multiqc                                            [DEBUG  ]  File ignored by rseqc/junction_annotation because it exceeded search pattern filesize limit: SRR12210291_fastqc.html
[2022-09-26 10:57:10,402] multiqc                                            [DEBUG  ]  File ignored by rseqc/read_distribution because it exceeded search pattern filesize limit: SRR12210291_fastqc.html
[2022-09-26 10:57:10,402] multiqc                                            [DEBUG  ]  File ignored by rseqc/infer_experiment because it exceeded search pattern filesize limit: SRR12210291_fastqc.html
[2022-09-26 10:57:10,487] multiqc                                            [DEBUG  ]  File ignored by nanostat because it exceeded search pattern filesize limit: SRR12210291_fastqc.html
[2022-09-26 10:57:10,498] multiqc                                            [DEBUG  ]  File ignored by ccs/v4 because it exceeded search pattern filesize limit: SRR12210292_fastqc.html
[2022-09-26 10:57:10,500] multiqc                                            [DEBUG  ]  File ignored by hicexplorer because it exceeded search pattern filesize limit: SRR12210292_fastqc.html
[2022-09-26 10:57:10,500] multiqc                                            [DEBUG  ]  File ignored by lima/summary because it exceeded search pattern filesize limit: SRR12210292_fastqc.html
[2022-09-26 10:57:10,504] multiqc                                            [DEBUG  ]  File ignored by vep/vep_txt because it exceeded search pattern filesize limit: SRR12210292_fastqc.html
[2022-09-26 10:57:10,504] multiqc                                            [DEBUG  ]  File ignored by longranger/invocation because it exceeded search pattern filesize limit: SRR12210292_fastqc.html
[2022-09-26 10:57:10,504] multiqc                                            [DEBUG  ]  File ignored by rockhopper because it exceeded search pattern filesize limit: SRR12210292_fastqc.html
[2022-09-26 10:57:10,504] multiqc                                            [DEBUG  ]  File ignored by rseqc/bam_stat because it exceeded search pattern filesize limit: SRR12210292_fastqc.html
[2022-09-26 10:57:10,504] multiqc                                            [DEBUG  ]  File ignored by rseqc/junction_annotation because it exceeded search pattern filesize limit: SRR12210292_fastqc.html
[2022-09-26 10:57:10,504] multiqc                                            [DEBUG  ]  File ignored by rseqc/read_distribution because it exceeded search pattern filesize limit: SRR12210292_fastqc.html
[2022-09-26 10:57:10,504] multiqc                                            [DEBUG  ]  File ignored by rseqc/infer_experiment because it exceeded search pattern filesize limit: SRR12210292_fastqc.html
[2022-09-26 10:57:10,588] multiqc                                            [DEBUG  ]  File ignored by nanostat because it exceeded search pattern filesize limit: SRR12210292_fastqc.html
[2022-09-26 10:57:10,599] multiqc                                            [DEBUG  ]  File ignored by ccs/v4 because it exceeded search pattern filesize limit: SRR12210293_fastqc.html
[2022-09-26 10:57:10,601] multiqc                                            [DEBUG  ]  File ignored by hicexplorer because it exceeded search pattern filesize limit: SRR12210293_fastqc.html
[2022-09-26 10:57:10,601] multiqc                                            [DEBUG  ]  File ignored by lima/summary because it exceeded search pattern filesize limit: SRR12210293_fastqc.html
[2022-09-26 10:57:10,605] multiqc                                            [DEBUG  ]  File ignored by vep/vep_txt because it exceeded search pattern filesize limit: SRR12210293_fastqc.html
[2022-09-26 10:57:10,605] multiqc                                            [DEBUG  ]  File ignored by longranger/invocation because it exceeded search pattern filesize limit: SRR12210293_fastqc.html
[2022-09-26 10:57:10,606] multiqc                                            [DEBUG  ]  File ignored by rockhopper because it exceeded search pattern filesize limit: SRR12210293_fastqc.html
[2022-09-26 10:57:10,606] multiqc                                            [DEBUG  ]  File ignored by rseqc/bam_stat because it exceeded search pattern filesize limit: SRR12210293_fastqc.html
[2022-09-26 10:57:10,606] multiqc                                            [DEBUG  ]  File ignored by rseqc/junction_annotation because it exceeded search pattern filesize limit: SRR12210293_fastqc.html
[2022-09-26 10:57:10,606] multiqc                                            [DEBUG  ]  File ignored by rseqc/read_distribution because it exceeded search pattern filesize limit: SRR12210293_fastqc.html
[2022-09-26 10:57:10,606] multiqc                                            [DEBUG  ]  File ignored by rseqc/infer_experiment because it exceeded search pattern filesize limit: SRR12210293_fastqc.html
[2022-09-26 10:57:10,690] multiqc                                            [DEBUG  ]  File ignored by nanostat because it exceeded search pattern filesize limit: SRR12210293_fastqc.html
[2022-09-26 10:57:10,702] multiqc                                            [DEBUG  ]  File ignored by ccs/v4 because it exceeded search pattern filesize limit: SRR12210294_fastqc.html
[2022-09-26 10:57:10,704] multiqc                                            [DEBUG  ]  File ignored by hicexplorer because it exceeded search pattern filesize limit: SRR12210294_fastqc.html
[2022-09-26 10:57:10,704] multiqc                                            [DEBUG  ]  File ignored by lima/summary because it exceeded search pattern filesize limit: SRR12210294_fastqc.html
[2022-09-26 10:57:10,708] multiqc                                            [DEBUG  ]  File ignored by vep/vep_txt because it exceeded search pattern filesize limit: SRR12210294_fastqc.html
[2022-09-26 10:57:10,708] multiqc                                            [DEBUG  ]  File ignored by longranger/invocation because it exceeded search pattern filesize limit: SRR12210294_fastqc.html
[2022-09-26 10:57:10,708] multiqc                                            [DEBUG  ]  File ignored by rockhopper because it exceeded search pattern filesize limit: SRR12210294_fastqc.html
[2022-09-26 10:57:10,708] multiqc                                            [DEBUG  ]  File ignored by rseqc/bam_stat because it exceeded search pattern filesize limit: SRR12210294_fastqc.html
[2022-09-26 10:57:10,708] multiqc                                            [DEBUG  ]  File ignored by rseqc/junction_annotation because it exceeded search pattern filesize limit: SRR12210294_fastqc.html
[2022-09-26 10:57:10,708] multiqc                                            [DEBUG  ]  File ignored by rseqc/read_distribution because it exceeded search pattern filesize limit: SRR12210294_fastqc.html
[2022-09-26 10:57:10,708] multiqc                                            [DEBUG  ]  File ignored by rseqc/infer_experiment because it exceeded search pattern filesize limit: SRR12210294_fastqc.html
[2022-09-26 10:57:10,797] multiqc                                            [DEBUG  ]  File ignored by nanostat because it exceeded search pattern filesize limit: SRR12210294_fastqc.html
[2022-09-26 10:57:10,807] multiqc                                            [DEBUG  ]  File ignored by ccs/v4 because it exceeded search pattern filesize limit: SRR12210295_fastqc.html
[2022-09-26 10:57:10,809] multiqc                                            [DEBUG  ]  File ignored by hicexplorer because it exceeded search pattern filesize limit: SRR12210295_fastqc.html
[2022-09-26 10:57:10,810] multiqc                                            [DEBUG  ]  File ignored by lima/summary because it exceeded search pattern filesize limit: SRR12210295_fastqc.html
[2022-09-26 10:57:10,814] multiqc                                            [DEBUG  ]  File ignored by vep/vep_txt because it exceeded search pattern filesize limit: SRR12210295_fastqc.html
[2022-09-26 10:57:10,814] multiqc                                            [DEBUG  ]  File ignored by longranger/invocation because it exceeded search pattern filesize limit: SRR12210295_fastqc.html
[2022-09-26 10:57:10,814] multiqc                                            [DEBUG  ]  File ignored by rockhopper because it exceeded search pattern filesize limit: SRR12210295_fastqc.html
[2022-09-26 10:57:10,814] multiqc                                            [DEBUG  ]  File ignored by rseqc/bam_stat because it exceeded search pattern filesize limit: SRR12210295_fastqc.html
[2022-09-26 10:57:10,814] multiqc                                            [DEBUG  ]  File ignored by rseqc/junction_annotation because it exceeded search pattern filesize limit: SRR12210295_fastqc.html
[2022-09-26 10:57:10,814] multiqc                                            [DEBUG  ]  File ignored by rseqc/read_distribution because it exceeded search pattern filesize limit: SRR12210295_fastqc.html
[2022-09-26 10:57:10,814] multiqc                                            [DEBUG  ]  File ignored by rseqc/infer_experiment because it exceeded search pattern filesize limit: SRR12210295_fastqc.html
[2022-09-26 10:57:10,899] multiqc                                            [DEBUG  ]  File ignored by nanostat because it exceeded search pattern filesize limit: SRR12210295_fastqc.html
[2022-09-26 10:57:10,910] multiqc                                            [DEBUG  ]  File ignored by ccs/v4 because it exceeded search pattern filesize limit: SRR12210296_fastqc.html
[2022-09-26 10:57:10,912] multiqc                                            [DEBUG  ]  File ignored by hicexplorer because it exceeded search pattern filesize limit: SRR12210296_fastqc.html
[2022-09-26 10:57:10,913] multiqc                                            [DEBUG  ]  File ignored by lima/summary because it exceeded search pattern filesize limit: SRR12210296_fastqc.html
[2022-09-26 10:57:10,917] multiqc                                            [DEBUG  ]  File ignored by vep/vep_txt because it exceeded search pattern filesize limit: SRR12210296_fastqc.html
[2022-09-26 10:57:10,917] multiqc                                            [DEBUG  ]  File ignored by longranger/invocation because it exceeded search pattern filesize limit: SRR12210296_fastqc.html
[2022-09-26 10:57:10,917] multiqc                                            [DEBUG  ]  File ignored by rockhopper because it exceeded search pattern filesize limit: SRR12210296_fastqc.html
[2022-09-26 10:57:10,917] multiqc                                            [DEBUG  ]  File ignored by rseqc/bam_stat because it exceeded search pattern filesize limit: SRR12210296_fastqc.html
[2022-09-26 10:57:10,917] multiqc                                            [DEBUG  ]  File ignored by rseqc/junction_annotation because it exceeded search pattern filesize limit: SRR12210296_fastqc.html
[2022-09-26 10:57:10,917] multiqc                                            [DEBUG  ]  File ignored by rseqc/read_distribution because it exceeded search pattern filesize limit: SRR12210296_fastqc.html
[2022-09-26 10:57:10,917] multiqc                                            [DEBUG  ]  File ignored by rseqc/infer_experiment because it exceeded search pattern filesize limit: SRR12210296_fastqc.html
[2022-09-26 10:57:10,999] multiqc                                            [DEBUG  ]  File ignored by nanostat because it exceeded search pattern filesize limit: SRR12210296_fastqc.html
[2022-09-26 10:57:11,010] multiqc                                            [DEBUG  ]  File ignored by ccs/v4 because it exceeded search pattern filesize limit: SRR12210297_fastqc.html
[2022-09-26 10:57:11,012] multiqc                                            [DEBUG  ]  File ignored by hicexplorer because it exceeded search pattern filesize limit: SRR12210297_fastqc.html
[2022-09-26 10:57:11,013] multiqc                                            [DEBUG  ]  File ignored by lima/summary because it exceeded search pattern filesize limit: SRR12210297_fastqc.html
[2022-09-26 10:57:11,017] multiqc                                            [DEBUG  ]  File ignored by vep/vep_txt because it exceeded search pattern filesize limit: SRR12210297_fastqc.html
[2022-09-26 10:57:11,017] multiqc                                            [DEBUG  ]  File ignored by longranger/invocation because it exceeded search pattern filesize limit: SRR12210297_fastqc.html
[2022-09-26 10:57:11,017] multiqc                                            [DEBUG  ]  File ignored by rockhopper because it exceeded search pattern filesize limit: SRR12210297_fastqc.html
[2022-09-26 10:57:11,017] multiqc                                            [DEBUG  ]  File ignored by rseqc/bam_stat because it exceeded search pattern filesize limit: SRR12210297_fastqc.html
[2022-09-26 10:57:11,017] multiqc                                            [DEBUG  ]  File ignored by rseqc/junction_annotation because it exceeded search pattern filesize limit: SRR12210297_fastqc.html
[2022-09-26 10:57:11,017] multiqc                                            [DEBUG  ]  File ignored by rseqc/read_distribution because it exceeded search pattern filesize limit: SRR12210297_fastqc.html
[2022-09-26 10:57:11,017] multiqc                                            [DEBUG  ]  File ignored by rseqc/infer_experiment because it exceeded search pattern filesize limit: SRR12210297_fastqc.html
[2022-09-26 10:57:11,101] multiqc                                            [DEBUG  ]  File ignored by nanostat because it exceeded search pattern filesize limit: SRR12210297_fastqc.html
[2022-09-26 10:57:11,112] multiqc                                            [DEBUG  ]  File ignored by ccs/v4 because it exceeded search pattern filesize limit: SRR12210298_fastqc.html
[2022-09-26 10:57:11,114] multiqc                                            [DEBUG  ]  File ignored by hicexplorer because it exceeded search pattern filesize limit: SRR12210298_fastqc.html
[2022-09-26 10:57:11,114] multiqc                                            [DEBUG  ]  File ignored by lima/summary because it exceeded search pattern filesize limit: SRR12210298_fastqc.html
[2022-09-26 10:57:11,118] multiqc                                            [DEBUG  ]  File ignored by vep/vep_txt because it exceeded search pattern filesize limit: SRR12210298_fastqc.html
[2022-09-26 10:57:11,118] multiqc                                            [DEBUG  ]  File ignored by longranger/invocation because it exceeded search pattern filesize limit: SRR12210298_fastqc.html
[2022-09-26 10:57:11,118] multiqc                                            [DEBUG  ]  File ignored by rockhopper because it exceeded search pattern filesize limit: SRR12210298_fastqc.html
[2022-09-26 10:57:11,118] multiqc                                            [DEBUG  ]  File ignored by rseqc/bam_stat because it exceeded search pattern filesize limit: SRR12210298_fastqc.html
[2022-09-26 10:57:11,118] multiqc                                            [DEBUG  ]  File ignored by rseqc/junction_annotation because it exceeded search pattern filesize limit: SRR12210298_fastqc.html
[2022-09-26 10:57:11,118] multiqc                                            [DEBUG  ]  File ignored by rseqc/read_distribution because it exceeded search pattern filesize limit: SRR12210298_fastqc.html
[2022-09-26 10:57:11,118] multiqc                                            [DEBUG  ]  File ignored by rseqc/infer_experiment because it exceeded search pattern filesize limit: SRR12210298_fastqc.html
[2022-09-26 10:57:11,207] multiqc                                            [DEBUG  ]  File ignored by nanostat because it exceeded search pattern filesize limit: SRR12210298_fastqc.html
[2022-09-26 10:57:11,218] multiqc                                            [DEBUG  ]  File ignored by ccs/v4 because it exceeded search pattern filesize limit: SRR12210299_fastqc.html
[2022-09-26 10:57:11,220] multiqc                                            [DEBUG  ]  File ignored by hicexplorer because it exceeded search pattern filesize limit: SRR12210299_fastqc.html
[2022-09-26 10:57:11,221] multiqc                                            [DEBUG  ]  File ignored by lima/summary because it exceeded search pattern filesize limit: SRR12210299_fastqc.html
[2022-09-26 10:57:11,224] multiqc                                            [DEBUG  ]  File ignored by vep/vep_txt because it exceeded search pattern filesize limit: SRR12210299_fastqc.html
[2022-09-26 10:57:11,225] multiqc                                            [DEBUG  ]  File ignored by longranger/invocation because it exceeded search pattern filesize limit: SRR12210299_fastqc.html
[2022-09-26 10:57:11,225] multiqc                                            [DEBUG  ]  File ignored by rockhopper because it exceeded search pattern filesize limit: SRR12210299_fastqc.html
[2022-09-26 10:57:11,225] multiqc                                            [DEBUG  ]  File ignored by rseqc/bam_stat because it exceeded search pattern filesize limit: SRR12210299_fastqc.html
[2022-09-26 10:57:11,225] multiqc                                            [DEBUG  ]  File ignored by rseqc/junction_annotation because it exceeded search pattern filesize limit: SRR12210299_fastqc.html
[2022-09-26 10:57:11,225] multiqc                                            [DEBUG  ]  File ignored by rseqc/read_distribution because it exceeded search pattern filesize limit: SRR12210299_fastqc.html
[2022-09-26 10:57:11,225] multiqc                                            [DEBUG  ]  File ignored by rseqc/infer_experiment because it exceeded search pattern filesize limit: SRR12210299_fastqc.html
[2022-09-26 10:57:11,310] multiqc                                            [DEBUG  ]  File ignored by nanostat because it exceeded search pattern filesize limit: SRR12210299_fastqc.html
[2022-09-26 10:57:11,320] multiqc                                            [DEBUG  ]  File ignored by ccs/v4 because it exceeded search pattern filesize limit: SRR12210300_fastqc.html
[2022-09-26 10:57:11,322] multiqc                                            [DEBUG  ]  File ignored by hicexplorer because it exceeded search pattern filesize limit: SRR12210300_fastqc.html
[2022-09-26 10:57:11,323] multiqc                                            [DEBUG  ]  File ignored by lima/summary because it exceeded search pattern filesize limit: SRR12210300_fastqc.html
[2022-09-26 10:57:11,327] multiqc                                            [DEBUG  ]  File ignored by vep/vep_txt because it exceeded search pattern filesize limit: SRR12210300_fastqc.html
[2022-09-26 10:57:11,327] multiqc                                            [DEBUG  ]  File ignored by longranger/invocation because it exceeded search pattern filesize limit: SRR12210300_fastqc.html
[2022-09-26 10:57:11,327] multiqc                                            [DEBUG  ]  File ignored by rockhopper because it exceeded search pattern filesize limit: SRR12210300_fastqc.html
[2022-09-26 10:57:11,327] multiqc                                            [DEBUG  ]  File ignored by rseqc/bam_stat because it exceeded search pattern filesize limit: SRR12210300_fastqc.html
[2022-09-26 10:57:11,327] multiqc                                            [DEBUG  ]  File ignored by rseqc/junction_annotation because it exceeded search pattern filesize limit: SRR12210300_fastqc.html
[2022-09-26 10:57:11,327] multiqc                                            [DEBUG  ]  File ignored by rseqc/read_distribution because it exceeded search pattern filesize limit: SRR12210300_fastqc.html
[2022-09-26 10:57:11,327] multiqc                                            [DEBUG  ]  File ignored by rseqc/infer_experiment because it exceeded search pattern filesize limit: SRR12210300_fastqc.html
[2022-09-26 10:57:11,412] multiqc                                            [DEBUG  ]  File ignored by nanostat because it exceeded search pattern filesize limit: SRR12210300_fastqc.html
[2022-09-26 10:57:11,423] multiqc                                            [DEBUG  ]  File ignored by ccs/v4 because it exceeded search pattern filesize limit: SRR12210301_fastqc.html
[2022-09-26 10:57:11,426] multiqc                                            [DEBUG  ]  File ignored by hicexplorer because it exceeded search pattern filesize limit: SRR12210301_fastqc.html
[2022-09-26 10:57:11,426] multiqc                                            [DEBUG  ]  File ignored by lima/summary because it exceeded search pattern filesize limit: SRR12210301_fastqc.html
[2022-09-26 10:57:11,430] multiqc                                            [DEBUG  ]  File ignored by vep/vep_txt because it exceeded search pattern filesize limit: SRR12210301_fastqc.html
[2022-09-26 10:57:11,430] multiqc                                            [DEBUG  ]  File ignored by longranger/invocation because it exceeded search pattern filesize limit: SRR12210301_fastqc.html
[2022-09-26 10:57:11,430] multiqc                                            [DEBUG  ]  File ignored by rockhopper because it exceeded search pattern filesize limit: SRR12210301_fastqc.html
[2022-09-26 10:57:11,430] multiqc                                            [DEBUG  ]  File ignored by rseqc/bam_stat because it exceeded search pattern filesize limit: SRR12210301_fastqc.html
[2022-09-26 10:57:11,430] multiqc                                            [DEBUG  ]  File ignored by rseqc/junction_annotation because it exceeded search pattern filesize limit: SRR12210301_fastqc.html
[2022-09-26 10:57:11,431] multiqc                                            [DEBUG  ]  File ignored by rseqc/read_distribution because it exceeded search pattern filesize limit: SRR12210301_fastqc.html
[2022-09-26 10:57:11,431] multiqc                                            [DEBUG  ]  File ignored by rseqc/infer_experiment because it exceeded search pattern filesize limit: SRR12210301_fastqc.html
[2022-09-26 10:57:11,517] multiqc                                            [DEBUG  ]  File ignored by nanostat because it exceeded search pattern filesize limit: SRR12210301_fastqc.html
[2022-09-26 10:57:11,528] multiqc                                            [DEBUG  ]  File ignored by ccs/v4 because it exceeded search pattern filesize limit: SRR12210302_fastqc.html
[2022-09-26 10:57:11,530] multiqc                                            [DEBUG  ]  File ignored by hicexplorer because it exceeded search pattern filesize limit: SRR12210302_fastqc.html
[2022-09-26 10:57:11,530] multiqc                                            [DEBUG  ]  File ignored by lima/summary because it exceeded search pattern filesize limit: SRR12210302_fastqc.html
[2022-09-26 10:57:11,534] multiqc                                            [DEBUG  ]  File ignored by vep/vep_txt because it exceeded search pattern filesize limit: SRR12210302_fastqc.html
[2022-09-26 10:57:11,534] multiqc                                            [DEBUG  ]  File ignored by longranger/invocation because it exceeded search pattern filesize limit: SRR12210302_fastqc.html
[2022-09-26 10:57:11,534] multiqc                                            [DEBUG  ]  File ignored by rockhopper because it exceeded search pattern filesize limit: SRR12210302_fastqc.html
[2022-09-26 10:57:11,534] multiqc                                            [DEBUG  ]  File ignored by rseqc/bam_stat because it exceeded search pattern filesize limit: SRR12210302_fastqc.html
[2022-09-26 10:57:11,534] multiqc                                            [DEBUG  ]  File ignored by rseqc/junction_annotation because it exceeded search pattern filesize limit: SRR12210302_fastqc.html
[2022-09-26 10:57:11,534] multiqc                                            [DEBUG  ]  File ignored by rseqc/read_distribution because it exceeded search pattern filesize limit: SRR12210302_fastqc.html
[2022-09-26 10:57:11,535] multiqc                                            [DEBUG  ]  File ignored by rseqc/infer_experiment because it exceeded search pattern filesize limit: SRR12210302_fastqc.html
[2022-09-26 10:57:11,618] multiqc                                            [DEBUG  ]  File ignored by nanostat because it exceeded search pattern filesize limit: SRR12210302_fastqc.html
[2022-09-26 10:57:11,630] multiqc                                            [DEBUG  ]  File ignored by ccs/v4 because it exceeded search pattern filesize limit: SRR12210303_fastqc.html
[2022-09-26 10:57:11,632] multiqc                                            [DEBUG  ]  File ignored by hicexplorer because it exceeded search pattern filesize limit: SRR12210303_fastqc.html
[2022-09-26 10:57:11,632] multiqc                                            [DEBUG  ]  File ignored by lima/summary because it exceeded search pattern filesize limit: SRR12210303_fastqc.html
[2022-09-26 10:57:11,636] multiqc                                            [DEBUG  ]  File ignored by vep/vep_txt because it exceeded search pattern filesize limit: SRR12210303_fastqc.html
[2022-09-26 10:57:11,636] multiqc                                            [DEBUG  ]  File ignored by longranger/invocation because it exceeded search pattern filesize limit: SRR12210303_fastqc.html
[2022-09-26 10:57:11,636] multiqc                                            [DEBUG  ]  File ignored by rockhopper because it exceeded search pattern filesize limit: SRR12210303_fastqc.html
[2022-09-26 10:57:11,636] multiqc                                            [DEBUG  ]  File ignored by rseqc/bam_stat because it exceeded search pattern filesize limit: SRR12210303_fastqc.html
[2022-09-26 10:57:11,636] multiqc                                            [DEBUG  ]  File ignored by rseqc/junction_annotation because it exceeded search pattern filesize limit: SRR12210303_fastqc.html
[2022-09-26 10:57:11,636] multiqc                                            [DEBUG  ]  File ignored by rseqc/read_distribution because it exceeded search pattern filesize limit: SRR12210303_fastqc.html
[2022-09-26 10:57:11,636] multiqc                                            [DEBUG  ]  File ignored by rseqc/infer_experiment because it exceeded search pattern filesize limit: SRR12210303_fastqc.html
[2022-09-26 10:57:11,722] multiqc                                            [DEBUG  ]  File ignored by nanostat because it exceeded search pattern filesize limit: SRR12210303_fastqc.html
[2022-09-26 10:57:11,733] multiqc                                            [DEBUG  ]  File ignored by ccs/v4 because it exceeded search pattern filesize limit: SRR12210304_fastqc.html
[2022-09-26 10:57:11,735] multiqc                                            [DEBUG  ]  File ignored by hicexplorer because it exceeded search pattern filesize limit: SRR12210304_fastqc.html
[2022-09-26 10:57:11,735] multiqc                                            [DEBUG  ]  File ignored by lima/summary because it exceeded search pattern filesize limit: SRR12210304_fastqc.html
[2022-09-26 10:57:11,739] multiqc                                            [DEBUG  ]  File ignored by vep/vep_txt because it exceeded search pattern filesize limit: SRR12210304_fastqc.html
[2022-09-26 10:57:11,739] multiqc                                            [DEBUG  ]  File ignored by longranger/invocation because it exceeded search pattern filesize limit: SRR12210304_fastqc.html
[2022-09-26 10:57:11,739] multiqc                                            [DEBUG  ]  File ignored by rockhopper because it exceeded search pattern filesize limit: SRR12210304_fastqc.html
[2022-09-26 10:57:11,739] multiqc                                            [DEBUG  ]  File ignored by rseqc/bam_stat because it exceeded search pattern filesize limit: SRR12210304_fastqc.html
[2022-09-26 10:57:11,739] multiqc                                            [DEBUG  ]  File ignored by rseqc/junction_annotation because it exceeded search pattern filesize limit: SRR12210304_fastqc.html
[2022-09-26 10:57:11,739] multiqc                                            [DEBUG  ]  File ignored by rseqc/read_distribution because it exceeded search pattern filesize limit: SRR12210304_fastqc.html
[2022-09-26 10:57:11,739] multiqc                                            [DEBUG  ]  File ignored by rseqc/infer_experiment because it exceeded search pattern filesize limit: SRR12210304_fastqc.html
[2022-09-26 10:57:11,821] multiqc                                            [DEBUG  ]  File ignored by nanostat because it exceeded search pattern filesize limit: SRR12210304_fastqc.html
[2022-09-26 10:57:14,454] multiqc.plots.linegraph                            [DEBUG  ]  Using matplotlib version 3.5.1
[2022-09-26 10:57:14,455] multiqc.plots.bargraph                             [DEBUG  ]  Using matplotlib version 3.5.1
[2022-09-26 10:57:14,632] multiqc.modules.fastqc.fastqc                      [INFO   ]  Found 36 reports
[2022-09-26 10:57:15,065] multiqc                                            [INFO   ]  Compressing plot data
[2022-09-26 10:57:15,355] multiqc                                            [INFO   ]  Report      : multiqc/multiqc_report.html
[2022-09-26 10:57:15,355] multiqc                                            [INFO   ]  Data        : multiqc/multiqc_data
[2022-09-26 10:57:15,355] multiqc                                            [DEBUG  ]  Moving data file from '/tmp/tmpscocojjq/multiqc_data' to 'multiqc/multiqc_data'
[2022-09-26 10:57:15,803] multiqc                                            [INFO   ]  MultiQC complete
